Epoch 1/100
2019-05-30 17:11:47.198135: I tensorflow/stream_executor/dso_loader.cc:152] successfully opened CUDA library libcublas.so.10.0 locally
100/100 [==============================] - 2s 16ms/step - loss: 4.6438 - acc: 0.5000
 - 13s - loss: 5.2961 - acc: 0.5010 - val_loss: 4.6438 - val_acc: 0.5000
Epoch 2/100
100/100 [==============================] - 2s 17ms/step - loss: 3.5969 - acc: 0.4990
 - 11s - loss: 4.0998 - acc: 0.4995 - val_loss: 3.5969 - val_acc: 0.4990
Epoch 3/100
100/100 [==============================] - 2s 17ms/step - loss: 2.7837 - acc: 0.4995
 - 11s - loss: 3.1741 - acc: 0.4935 - val_loss: 2.7837 - val_acc: 0.4995
Epoch 4/100
100/100 [==============================] - 2s 17ms/step - loss: 2.1558 - acc: 0.4980
 - 11s - loss: 2.4571 - acc: 0.4985 - val_loss: 2.1558 - val_acc: 0.4980
Epoch 5/100
100/100 [==============================] - 2s 16ms/step - loss: 1.6709 - acc: 0.4995
 - 11s - loss: 1.9031 - acc: 0.4942 - val_loss: 1.6709 - val_acc: 0.4995
Epoch 6/100
100/100 [==============================] - 2s 17ms/step - loss: 1.3030 - acc: 0.4990
 - 11s - loss: 1.4793 - acc: 0.4812 - val_loss: 1.3030 - val_acc: 0.4990
Epoch 7/100
100/100 [==============================] - 2s 16ms/step - loss: 1.0232 - acc: 0.5000
 - 11s - loss: 1.1569 - acc: 0.5000 - val_loss: 1.0232 - val_acc: 0.5000
Epoch 8/100
100/100 [==============================] - 2s 17ms/step - loss: 0.8142 - acc: 0.5000
 - 11s - loss: 0.9133 - acc: 0.4947 - val_loss: 0.8142 - val_acc: 0.5000
Epoch 9/100
100/100 [==============================] - 2s 17ms/step - loss: 0.6612 - acc: 0.5000
 - 11s - loss: 0.7333 - acc: 0.4952 - val_loss: 0.6612 - val_acc: 0.5000
Epoch 10/100
100/100 [==============================] - 2s 17ms/step - loss: 0.5491 - acc: 0.4730
 - 11s - loss: 0.6016 - acc: 0.4990 - val_loss: 0.5491 - val_acc: 0.4730
Epoch 11/100
100/100 [==============================] - 2s 17ms/step - loss: 0.4668 - acc: 0.5000
 - 11s - loss: 0.5052 - acc: 0.4918 - val_loss: 0.4668 - val_acc: 0.5000
Epoch 12/100
100/100 [==============================] - 2s 17ms/step - loss: 0.4607 - acc: 0.5000
 - 11s - loss: 0.4634 - acc: 0.4995 - val_loss: 0.4607 - val_acc: 0.5000
Epoch 13/100
100/100 [==============================] - 2s 17ms/step - loss: 0.4532 - acc: 0.5000
 - 11s - loss: 0.4561 - acc: 0.4997 - val_loss: 0.4532 - val_acc: 0.5000
Epoch 14/100
100/100 [==============================] - 2s 17ms/step - loss: 0.4465 - acc: 0.5000
 - 11s - loss: 0.4496 - acc: 0.4983 - val_loss: 0.4465 - val_acc: 0.5000
Epoch 15/100
100/100 [==============================] - 2s 17ms/step - loss: 0.4388 - acc: 0.4980
 - 11s - loss: 0.4423 - acc: 0.4930 - val_loss: 0.4388 - val_acc: 0.4980
Epoch 16/100
100/100 [==============================] - 2s 17ms/step - loss: 0.4325 - acc: 0.4975
 - 11s - loss: 0.4344 - acc: 0.4938 - val_loss: 0.4325 - val_acc: 0.4975
Epoch 17/100
100/100 [==============================] - 2s 17ms/step - loss: 0.4253 - acc: 0.4910
 - 11s - loss: 0.4281 - acc: 0.4880 - val_loss: 0.4253 - val_acc: 0.4910
Epoch 18/100
100/100 [==============================] - 2s 17ms/step - loss: 0.4184 - acc: 0.4975
 - 11s - loss: 0.4212 - acc: 0.4950 - val_loss: 0.4184 - val_acc: 0.4975
Epoch 19/100
100/100 [==============================] - 2s 17ms/step - loss: 0.4125 - acc: 0.4805
 - 11s - loss: 0.4143 - acc: 0.4897 - val_loss: 0.4125 - val_acc: 0.4805
Epoch 20/100
100/100 [==============================] - 2s 17ms/step - loss: 0.4060 - acc: 0.4855
 - 11s - loss: 0.4078 - acc: 0.4843 - val_loss: 0.4060 - val_acc: 0.4855
Epoch 21/100
100/100 [==============================] - 2s 17ms/step - loss: 0.3998 - acc: 0.4640
 - 11s - loss: 0.4017 - acc: 0.4745 - val_loss: 0.3998 - val_acc: 0.4640
dict_keys(['loss', 'acc', 'val_loss', 'val_acc', 'lr'])