Epoch 1/200
2019-05-30 15:05:06.692063: I tensorflow/stream_executor/dso_loader.cc:152] successfully opened CUDA library libcublas.so.10.0 locally
  1/100 [..............................] - ETA: 2:27 - loss: 0.2478 - acc: 0.500  2/100 [..............................] - ETA: 1:20 - loss: 0.2475 - acc: 0.505  3/100 [..............................] - ETA: 57s - loss: 0.2480 - acc: 0.5067100/100 [==============================] - 15s 148ms/step - loss: 0.2483 - acc: 0.5142
 - 59s - loss: 0.2417 - acc: 0.4606 - val_loss: 0.2483 - val_acc: 0.5142
Epoch 2/200
100/100 [==============================] - 14s 137ms/step - loss: 0.2479 - acc: 0.5002
 - 51s - loss: 0.2295 - acc: 0.4223 - val_loss: 0.2479 - val_acc: 0.5002
Epoch 3/200
100/100 [==============================] - 14s 138ms/step - loss: 0.2466 - acc: 0.5002
 - 51s - loss: 0.2229 - acc: 0.3722 - val_loss: 0.2466 - val_acc: 0.5002
Epoch 4/200
100/100 [==============================] - 14s 137ms/step - loss: 0.2446 - acc: 0.4982
 - 51s - loss: 0.2184 - acc: 0.3365 - val_loss: 0.2446 - val_acc: 0.4982
Epoch 5/200
100/100 [==============================] - 14s 137ms/step - loss: 0.2435 - acc: 0.4999
 - 51s - loss: 0.2149 - acc: 0.3016 - val_loss: 0.2435 - val_acc: 0.4999
Epoch 6/200
100/100 [==============================] - 14s 137ms/step - loss: 0.2440 - acc: 0.5021
 - 51s - loss: 0.2122 - acc: 0.2755 - val_loss: 0.2440 - val_acc: 0.5021
Epoch 7/200
100/100 [==============================] - 14s 137ms/step - loss: 0.2454 - acc: 0.5065
 - 51s - loss: 0.2094 - acc: 0.2493 - val_loss: 0.2454 - val_acc: 0.5065
Epoch 8/200
100/100 [==============================] - 14s 137ms/step - loss: 0.2439 - acc: 0.4978
 - 51s - loss: 0.2071 - acc: 0.2296 - val_loss: 0.2439 - val_acc: 0.4978
Epoch 9/200
100/100 [==============================] - 14s 137ms/step - loss: 0.2439 - acc: 0.4981
 - 51s - loss: 0.2054 - acc: 0.2104 - val_loss: 0.2439 - val_acc: 0.4981
Epoch 10/200
100/100 [==============================] - 14s 138ms/step - loss: 0.2439 - acc: 0.5005
 - 51s - loss: 0.2037 - acc: 0.2018 - val_loss: 0.2439 - val_acc: 0.5005
Epoch 11/200
100/100 [==============================] - 14s 137ms/step - loss: 0.2452 - acc: 0.4947
 - 52s - loss: 0.2027 - acc: 0.1848 - val_loss: 0.2452 - val_acc: 0.4947
Epoch 12/200
100/100 [==============================] - 14s 136ms/step - loss: 0.2451 - acc: 0.4960
 - 51s - loss: 0.2012 - acc: 0.1612 - val_loss: 0.2451 - val_acc: 0.4960
Epoch 13/200
100/100 [==============================] - 14s 137ms/step - loss: 0.2446 - acc: 0.4963
 - 52s - loss: 0.2002 - acc: 0.1502 - val_loss: 0.2446 - val_acc: 0.4963
Epoch 14/200
100/100 [==============================] - 14s 136ms/step - loss: 0.2448 - acc: 0.5000
 - 51s - loss: 0.1999 - acc: 0.1560 - val_loss: 0.2448 - val_acc: 0.5000
Epoch 15/200
100/100 [==============================] - 14s 136ms/step - loss: 0.2448 - acc: 0.5021
 - 51s - loss: 0.1989 - acc: 0.1462 - val_loss: 0.2448 - val_acc: 0.5021
Epoch 16/200
100/100 [==============================] - 14s 137ms/step - loss: 0.2454 - acc: 0.4981
 - 52s - loss: 0.1990 - acc: 0.1442 - val_loss: 0.2454 - val_acc: 0.4981
Epoch 17/200
100/100 [==============================] - 14s 140ms/step - loss: 0.2450 - acc: 0.4987
 - 52s - loss: 0.1990 - acc: 0.1445 - val_loss: 0.2450 - val_acc: 0.4987
Epoch 18/200
100/100 [==============================] - 14s 135ms/step - loss: 0.2450 - acc: 0.4988
 - 52s - loss: 0.1983 - acc: 0.1383 - val_loss: 0.2450 - val_acc: 0.4988
Epoch 19/200
100/100 [==============================] - 14s 138ms/step - loss: 0.2449 - acc: 0.4982
 - 51s - loss: 0.1978 - acc: 0.1353 - val_loss: 0.2449 - val_acc: 0.4982
Epoch 20/200
100/100 [==============================] - 14s 137ms/step - loss: 0.2450 - acc: 0.4974
 - 51s - loss: 0.1980 - acc: 0.1338 - val_loss: 0.2450 - val_acc: 0.4974
Epoch 21/200
100/100 [==============================] - 14s 137ms/step - loss: 0.2448 - acc: 0.4975
 - 52s - loss: 0.1975 - acc: 0.1322 - val_loss: 0.2448 - val_acc: 0.4975
dict_keys(['loss', 'acc', 'val_loss', 'val_acc', 'lr'])
